PHP Parse error:  syntax error, unexpected ';', expecting ',' or ')' in /var/www/html/api-rc/api-recreate/api/http/route/routes.php on line 37

Parse error: syntax error, unexpected ';', expecting ',' or ')' in /var/www/html/api-rc/api-recreate/api/http/route/routes.php on line 37
PHP Parse error:  syntax error, unexpected ';', expecting ',' or ')' in /var/www/html/api-rc/api-recreate/api/http/route/routes.php on line 37

Parse error: syntax error, unexpected ';', expecting ',' or ')' in /var/www/html/api-rc/api-recreate/api/http/route/routes.php on line 37
PHP Parse error:  syntax error, unexpected ';', expecting ',' or ')' in /var/www/html/api-rc/api-recreate/api/http/route/routes.php on line 37

Parse error: syntax error, unexpected ';', expecting ',' or ')' in /var/www/html/api-rc/api-recreate/api/http/route/routes.php on line 37
PHP Parse error:  syntax error, unexpected ';', expecting ',' or ')' in /var/www/html/api-rc/api-recreate/api/http/route/routes.php on line 37

Parse error: syntax error, unexpected ';', expecting ',' or ')' in /var/www/html/api-rc/api-recreate/api/http/route/routes.php on line 37
PHP Parse error:  syntax error, unexpected ';', expecting ',' or ')' in /var/www/html/api-rc/api-recreate/api/http/route/routes.php on line 37

Parse error: syntax error, unexpected ';', expecting ',' or ')' in /var/www/html/api-rc/api-recreate/api/http/route/routes.php on line 37
PHP Parse error:  syntax error, unexpected ';', expecting ',' or ')' in /var/www/html/api-rc/api-recreate/api/http/route/routes.php on line 37

Parse error: syntax error, unexpected ';', expecting ',' or ')' in /var/www/html/api-rc/api-recreate/api/http/route/routes.php on line 37
PHP Parse error:  syntax error, unexpected ';', expecting ',' or ')' in /var/www/html/api-rc/api-recreate/api/http/route/routes.php on line 37

Parse error: syntax error, unexpected ';', expecting ',' or ')' in /var/www/html/api-rc/api-recreate/api/http/route/routes.php on line 37
Welcome to the PRIEST!!!NULL
NULL
PHP Fatal error:  Uncaught Error: Call to undefined function api\crawler\post_data() in /var/www/html/api-rc/api-recreate/api/crawler/libraryCrawler.php:253
Stack trace:
#0 /var/www/html/api-rc/api-recreate/api/http/route/routes.php(37): api\crawler\libraryCrawler->login(201706060615, 201706060615)
#1 {main}
  thrown in /var/www/html/api-rc/api-recreate/api/crawler/libraryCrawler.php on line 253

Fatal error: Uncaught Error: Call to undefined function api\crawler\post_data() in /var/www/html/api-rc/api-recreate/api/crawler/libraryCrawler.php:253
Stack trace:
#0 /var/www/html/api-rc/api-recreate/api/http/route/routes.php(37): api\crawler\libraryCrawler->login(201706060615, 201706060615)
#1 {main}
  thrown in /var/www/html/api-rc/api-recreate/api/crawler/libraryCrawler.php on line 253
[2018-08-14 16:44:16 *9993.0]	ERROR	zm_deactivate_swoole (ERROR 503): Fatal error: Uncaught Error: Call to undefined function api\crawler\post_data() in /var/www/html/api-rc/api-recreate/api/crawler/libraryCrawler.php:253
Stack trace:
#0 /var/www/html/api-rc/api-recreate/api/http/route/routes.php(37): api\crawler\libraryCrawler->login(201706060615, 201706060615)
#1 {main}
  thrown in /var/www/html/api-rc/api-recreate/api/crawler/libraryCrawler.php on line 253.
[2018-08-14 16:44:16 $9991.0]	WARNING	swManager_check_exit_status: worker#0 abnormal exit, status=255, signal=0
